<?xml version="1.0" encoding="UTF-8"?>
<!-- Generated by org.testng.reporters.JUnitReportReporter -->
<testsuite skipped="0" hostname="Latitude" name="core.ElementsValidationInChromeTest" tests="4" failures="0" timestamp="11 Nov 2017 09:04:22 GMT" time="14.963" errors="0">
  <testcase name="test" time="4.795" classname="core.ElementsValidationInChromeTest"/>
  <testcase name="test" time="3.143" classname="core.ElementsValidationInChromeTest"/>
  <testcase name="test" time="3.701" classname="core.ElementsValidationInChromeTest"/>
  <testcase name="test" time="3.324" classname="core.ElementsValidationInChromeTest"/>
</testsuite> <!-- core.ElementsValidationInChromeTest -->
